Performing C++ SOURCE FILE Test CMAKE_HAVE_LIBC_PTHREAD failed with the following output:
Change Dir: /home/hoonhwi/net/test_LTESim-dqn/dqn/build/CMakeFiles/CMakeTmp

Run Build Command(s):/usr/bin/make -f Makefile cmTC_d485f/fast && /usr/bin/make  -f CMakeFiles/cmTC_d485f.dir/build.make CMakeFiles/cmTC_d485f.dir/build
make[1]: Entering directory '/home/hoonhwi/net/test_LTESim-dqn/dqn/build/CMakeFiles/CMakeTmp'
Building CXX object CMakeFiles/cmTC_d485f.dir/src.cxx.o
/usr/bin/g++-7 -DCMAKE_HAVE_LIBC_PTHREAD   -o CMakeFiles/cmTC_d485f.dir/src.cxx.o -c /home/hoonhwi/net/test_LTESim-dqn/dqn/build/CMakeFiles/CMakeTmp/src.cxx
Linking CXX executable cmTC_d485f
/usr/local/bin/cmake -E cmake_link_script CMakeFiles/cmTC_d485f.dir/link.txt --verbose=1
/usr/bin/g++-7 -rdynamic CMakeFiles/cmTC_d485f.dir/src.cxx.o -o cmTC_d485f 
CMakeFiles/cmTC_d485f.dir/src.cxx.o: In function `main':
src.cxx:(.text+0x3e): undefined reference to `pthread_create'
src.cxx:(.text+0x4a): undefined reference to `pthread_detach'
src.cxx:(.text+0x56): undefined reference to `pthread_cancel'
src.cxx:(.text+0x67): undefined reference to `pthread_join'
src.cxx:(.text+0x7b): undefined reference to `pthread_atfork'
collect2: error: ld returned 1 exit status
CMakeFiles/cmTC_d485f.dir/build.make:98: recipe for target 'cmTC_d485f' failed
make[1]: *** [cmTC_d485f] Error 1
make[1]: Leaving directory '/home/hoonhwi/net/test_LTESim-dqn/dqn/build/CMakeFiles/CMakeTmp'
Makefile:127: recipe for target 'cmTC_d485f/fast' failed
make: *** [cmTC_d485f/fast] Error 2


Source file was:
#include <pthread.h>

static void* test_func(void* data)
{
  return data;
}

int main(void)
{
  pthread_t thread;
  pthread_create(&thread, NULL, test_func, NULL);
  pthread_detach(thread);
  pthread_cancel(thread);
  pthread_join(thread, NULL);
  pthread_atfork(NULL, NULL, NULL);
  pthread_exit(NULL);

  return 0;
}

Determining if the function pthread_create exists in the pthreads failed with the following output:
Change Dir: /home/hoonhwi/net/test_LTESim-dqn/dqn/build/CMakeFiles/CMakeTmp

Run Build Command(s):/usr/bin/make -f Makefile cmTC_3df91/fast && /usr/bin/make  -f CMakeFiles/cmTC_3df91.dir/build.make CMakeFiles/cmTC_3df91.dir/build
make[1]: Entering directory '/home/hoonhwi/net/test_LTESim-dqn/dqn/build/CMakeFiles/CMakeTmp'
Building CXX object CMakeFiles/cmTC_3df91.dir/CheckFunctionExists.cxx.o
/usr/bin/g++-7   -DCHECK_FUNCTION_EXISTS=pthread_create -o CMakeFiles/cmTC_3df91.dir/CheckFunctionExists.cxx.o -c /home/hoonhwi/net/test_LTESim-dqn/dqn/build/CMakeFiles/CheckLibraryExists/CheckFunctionExists.cxx
Linking CXX executable cmTC_3df91
/usr/local/bin/cmake -E cmake_link_script CMakeFiles/cmTC_3df91.dir/link.txt --verbose=1
/usr/bin/g++-7  -DCHECK_FUNCTION_EXISTS=pthread_create -rdynamic CMakeFiles/cmTC_3df91.dir/CheckFunctionExists.cxx.o -o cmTC_3df91  -lpthreads 
/usr/bin/ld: cannot find -lpthreads
collect2: error: ld returned 1 exit status
CMakeFiles/cmTC_3df91.dir/build.make:98: recipe for target 'cmTC_3df91' failed
make[1]: *** [cmTC_3df91] Error 1
make[1]: Leaving directory '/home/hoonhwi/net/test_LTESim-dqn/dqn/build/CMakeFiles/CMakeTmp'
Makefile:127: recipe for target 'cmTC_3df91/fast' failed
make: *** [cmTC_3df91/fast] Error 2



