make --dry-run --always-make --keep-going --print-directory
<<<<<<< HEAD
make: Entering directory '/home/hoonhwi/net/test_LTESim-dqn'
if test -f LTE-Sim; then rm LTE-Sim; fi;
clear;
cat CONFIG/LTE-Sim
cd TOOLS; make; cd ../;
./CONFIG/make_load-parameter-file.sh; 
cd Debug; make clean; make; cd ..;
ln -sf Debug/LTE-Sim LTE-Sim 
cat CONFIG/LTE-Sim-end
make: Leaving directory '/home/hoonhwi/net/test_LTESim-dqn'
=======
make: Entering directory '/home/hoonhwi/net/ori_LTESim-dqn'
if test -f LTE-Sim; then rm LTE-Sim; fi;
clear;
cat CONFIG/LTE-Sim
sleep 2
cd TOOLS; make; cd ../;
./CONFIG/make_load-parameter-file.sh; 
cd Debug; make clean; make; cd ..;
ln -s Debug/LTE-Sim LTE-Sim 
cat CONFIG/LTE-Sim-end
make: Leaving directory '/home/hoonhwi/net/ori_LTESim-dqn'
>>>>>>> ad05299149aa732f4d064f67e737dda4046b36a9
 
