make all --print-data-base --no-builtin-variables --no-builtin-rules --question
make: *** No rule to make target 'all'.  Stop.
 
# GNU Make 4.1
# Built for x86_64-pc-linux-gnu
# Copyright (C) 1988-2014 Free Software Foundation, Inc.
# License GPLv3+: GNU GPL version 3 or later <http://gnu.org/licenses/gpl.html>
# This is free software: you are free to change and redistribute it.
# There is NO WARRANTY, to the extent permitted by law.

# Make data base, printed on Fri Mar 25 07:14:37 2022

# Variables

# automatic
<D = $(patsubst %/,%,$(dir $<))
# automatic
?F = $(notdir $?)
# default
.SHELLFLAGS := -c
# environment
VSCODE_AGENT_FOLDER = /home/hoonhwi/.vscode-server
# environment
VSCODE_LOG_NATIVE = false
# automatic
?D = $(patsubst %/,%,$(dir $?))
# automatic
@D = $(patsubst %/,%,$(dir $@))
# automatic
@F = $(notdir $@)
# default
MAKE_VERSION := 4.1
# makefile
CURDIR := /home/hoonhwi/net/test_LTESim-dqn
# makefile
SHELL = /bin/sh
# environment
VSCODE_NLS_CONFIG = {"locale":"ko","availableLanguages":{"*":"ko"},"_languagePackId":"4806607ae385c7302d3b00110a6c1b28.ko","_translationsConfigFile":"/home/hoonhwi/.vscode-server/data/clp/4806607ae385c7302d3b00110a6c1b28.ko/tcf.json","_cacheRoot":"/home/hoonhwi/.vscode-server/data/clp/4806607ae385c7302d3b00110a6c1b28.ko","_resolvedLanguagePackCoreLocation":"/home/hoonhwi/.vscode-server/data/clp/4806607ae385c7302d3b00110a6c1b28.ko/c722ca6c7eed3d7987c0d5c3df5c45f6b15e77d1","_corruptedFile":"/home/hoonhwi/.vscode-server/data/clp/4806607ae385c7302d3b00110a6c1b28.ko/corrupted.info","_languagePackSupport":true}
# environment
_ = /home/hoonhwi/.vscode-server/bin/c722ca6c7eed3d7987c0d5c3df5c45f6b15e77d1/node
# makefile (from 'Makefile', line 1)
MAKEFILE_LIST :=  Makefile
# 'override' directive
GNUMAKEFLAGS := 
# environment
XDG_DATA_DIRS = /usr/local/share:/usr/share:/var/lib/snapd/desktop
# environment
DBUS_SESSION_BUS_ADDRESS = unix:path=/run/user/1016/bus
# environment
VSCODE_VERBOSE_LOGGING = true
# environment
LESSOPEN = | /usr/bin/lesspipe %s
# environment
VSCODE_CWD = /home/hoonhwi
# environment
SSH_CONNECTION = 165.132.116.229 54302 165.132.127.157 22
# environment
PATH = /home/hoonhwi/.vscode-server/bin/c722ca6c7eed3d7987c0d5c3df5c45f6b15e77d1/bin/remote-cli:/usr/local/cuda-11.5/bin:/usr/local/sbin:/usr/local/bin:/usr/sbin:/usr/bin:/sbin:/bin:/usr/games:/usr/local/games:/snap/bin
# environment
XDG_RUNTIME_DIR = /run/user/1016
# environment
BASH_ENV = /usr/share/modules/init/bash
# environment
VSCODE_LOG_STACK = false
# default
.FEATURES := target-specific order-only second-expansion else-if shortest-stem undefine oneshell archives jobserver output-sync check-symlink load
# environment
LS_COLORS = 
# automatic
%F = $(notdir $%)
# environment
VSCODE_PIPE_LOGGING = true
# environment
PWD = /home/hoonhwi/net/test_LTESim-dqn
# environment
VSCODE_IPC_HOOK_CLI = /run/user/1016/vscode-ipc-b538204e-b26e-434d-ad50-f89fca77427e.sock
# automatic
*D = $(patsubst %/,%,$(dir $*))
# environment
VSCODE_AMD_ENTRYPOINT = vs/workbench/api/node/extensionHostProcess
# environment
HOME = /home/hoonhwi
# environment
LD_LIBRARY_PATH = /usr/local/cuda-11.5/lib64:
# environment
LESSCLOSE = /usr/bin/lesspipe %s %s
# environment
LOGNAME = hoonhwi
# environment
APPLICATION_INSIGHTS_NO_DIAGNOSTIC_CHANNEL = true
# automatic
+F = $(notdir $+)
# environment
VSCODE_HANDLES_UNCAUGHT_ERRORS = true
# automatic
^D = $(patsubst %/,%,$(dir $^))
# environment
MAKELEVEL := 0
# default
MAKE = $(MAKE_COMMAND)
# default
MAKECMDGOALS := all
# environment
SHLVL = 3
# environment
XDG_SESSION_ID = 713
# environment
USER = hoonhwi
# makefile
.DEFAULT_GOAL := make
# automatic
%D = $(patsubst %/,%,$(dir $%))
# default
MAKE_COMMAND := make
# environment
OLDPWD = /home/hoonhwi/.vscode-server/bin/c722ca6c7eed3d7987c0d5c3df5c45f6b15e77d1
# default
.VARIABLES := 
# automatic
*F = $(notdir $*)
# makefile
MAKEFLAGS = pqrR
# environment
MFLAGS = -pqrR
# environment
SSH_CLIENT = 165.132.116.229 54302 22
# environment
MAIL = /var/mail/hoonhwi
# automatic
+D = $(patsubst %/,%,$(dir $+))
# environment
BROWSER = /home/hoonhwi/.vscode-server/bin/c722ca6c7eed3d7987c0d5c3df5c45f6b15e77d1/bin/helpers/browser.sh
# default
MAKEFILES := 
# automatic
<F = $(notdir $<)
# environment
LC_ALL = C
# automatic
^F = $(notdir $^)
# default
SUFFIXES := 
# default
.INCLUDE_DIRS = /usr/include /usr/local/include /usr/include
# default
.RECIPEPREFIX := 
# default
MAKE_HOST := x86_64-pc-linux-gnu
# environment
ENV = /usr/share/modules/init/profile.sh
# environment
LANG = C
# environment
VSCODE_EXTHOST_WILL_SEND_SOCKET = true
# variable set hash-table stats:
# Load=70/1024=7%, Rehash=0, Collisions=8/95=8%

# Pattern-specific Variable Values

# No pattern-specific variable values.

# Directories

# . (device 2049, inode 108298424): 22 files, no impossibilities.

# 22 files, no impossibilities in 1 directories.

# Implicit Rules

# No implicit rules.

# Files

# Not a target:
all:
#  Command line target.
#  Implicit rule search has been done.
#  File does not exist.
#  File has not been updated.

# Not a target:
Makefile:
#  Implicit rule search has been done.
#  Last modified 2022-03-15 09:13:01.640755583
#  File has been updated.
#  Successfully updated.

# Not a target:
.DEFAULT:
#  Implicit rule search has not been done.
#  Modification time never checked.
#  File has not been updated.

make:
#  Implicit rule search has not been done.
#  Modification time never checked.
#  File has not been updated.
#  recipe to execute (from 'Makefile', line 2):
	if test -f LTE-Sim; then rm LTE-Sim; fi;
	clear;
	cat CONFIG/LTE-Sim
	cd TOOLS; make; cd ../;
	./CONFIG/make_load-parameter-file.sh; 
	cd Debug; make clean; make; cd ..;
	ln -sf Debug/LTE-Sim LTE-Sim 
	cat CONFIG/LTE-Sim-end

clean:
#  Implicit rule search has not been done.
#  Modification time never checked.
#  File has not been updated.
#  recipe to execute (from 'Makefile', line 12):
	rm LTE-Sim; cd Debug; make clean
	cd ..
	cd TOOLS; make clean;
	cd ..
	clear
	cat CONFIG/LTE-Sim-end-clear
	

# files hash-table stats:
# Load=6/1024=1%, Rehash=0, Collisions=0/16=0%
# VPATH Search Paths

# No 'vpath' search paths.

# No general ('VPATH' variable) search path.

# strcache buffers: 1 (0) / strings = 29 / storage = 231 B / avg = 7 B
# current buf: size = 8162 B / used = 231 B / count = 29 / avg = 7 B

# strcache performance: lookups = 35 / hit rate = 17%
# hash-table stats:
# Load=29/8192=0%, Rehash=0, Collisions=1/35=3%
# Finished Make data base on Fri Mar 25 07:14:37 2022

 
